<?xml version="1.0" encoding="UTF-8"?>
<testng-results ignored="0" total="1" passed="1" failed="0" skipped="0">
  <reporter-output>
  </reporter-output>
  <suite started-at="2021-10-28T23:12:15 IST" name="Default suite" finished-at="2021-10-28T23:12:35 IST" duration-ms="19862">
    <groups>
    </groups>
    <test started-at="2021-10-28T23:12:15 IST" name="Default test" finished-at="2021-10-28T23:12:35 IST" duration-ms="19862">
      <class name="DD_Tests.Ass9gmail_Login">
        <test-method is-config="true" signature="init()[pri:0, instance:DD_Tests.Ass9gmail_Login@1534f01b]" started-at="2021-10-28T23:12:07 IST" name="init" finished-at="2021-10-28T23:12:15 IST" duration-ms="8622" status="PASS">
          <reporter-output>
          </reporter-output>
        </test-method> <!-- init -->
        <test-method signature="login()[pri:0, instance:DD_Tests.Ass9gmail_Login@1534f01b]" started-at="2021-10-28T23:12:15 IST" name="login" finished-at="2021-10-28T23:12:35 IST" duration-ms="19814" status="PASS">
          <reporter-output>
          </reporter-output>
        </test-method> <!-- login -->
        <test-method is-config="true" signature="stopServer()[pri:0, instance:DD_Tests.Ass9gmail_Login@1534f01b]" started-at="2021-10-28T23:12:35 IST" name="stopServer" finished-at="2021-10-28T23:12:35 IST" duration-ms="249" status="PASS">
          <reporter-output>
          </reporter-output>
        </test-method> <!-- stopServer -->
      </class> <!-- DD_Tests.Ass9gmail_Login -->
    </test> <!-- Default test -->
  </suite> <!-- Default suite -->
</testng-results>
